  opencv.cpp
C:\Users\최재민\source\repos\CV_HOG\HOG\opencv\opencv.cpp(129,29): warning C4244: '초기화 중': 'double'에서 'float'(으)로 변환하면서 데이터가 손실될 수 있습니다.
C:\Users\최재민\source\repos\CV_HOG\HOG\opencv\opencv.cpp(134,34): warning C4244: '인수': 'float'에서 '_Tp'(으)로 변환하면서 데이터가 손실될 수 있습니다.
          with
          [
              _Tp=int
          ]
C:\Users\최재민\source\repos\CV_HOG\HOG\opencv\opencv.cpp(133,34): warning C4244: '인수': 'float'에서 '_Tp'(으)로 변환하면서 데이터가 손실될 수 있습니다.
          with
          [
              _Tp=int
          ]
C:\Users\최재민\source\repos\CV_HOG\HOG\opencv\opencv.cpp(138,34): warning C4244: '인수': 'float'에서 '_Tp'(으)로 변환하면서 데이터가 손실될 수 있습니다.
          with
          [
              _Tp=int
          ]
C:\Users\최재민\source\repos\CV_HOG\HOG\opencv\opencv.cpp(137,34): warning C4244: '인수': 'float'에서 '_Tp'(으)로 변환하면서 데이터가 손실될 수 있습니다.
          with
          [
              _Tp=int
          ]
C:\Users\최재민\source\repos\CV_HOG\HOG\opencv\opencv.cpp(282,25): warning C4244: '초기화 중': 'double'에서 'float'(으)로 변환하면서 데이터가 손실될 수 있습니다.
  opencv.vcxproj -> C:\Users\최재민\source\repos\CV_HOG\HOG\opencv\x64\Debug\opencv.exe
