  main.cpp
C:\Users\jglee\source\repos\CV_HOG\HOG\main.cpp(104,17): warning C4244: '인수': 'double'에서 '_Tp'(으)로 변환하면서 데이터가 손실될 수 있습니다.
C:\Users\jglee\source\repos\CV_HOG\HOG\main.cpp(104,17): warning C4244:         with
C:\Users\jglee\source\repos\CV_HOG\HOG\main.cpp(104,17): warning C4244:         [
C:\Users\jglee\source\repos\CV_HOG\HOG\main.cpp(104,17): warning C4244:             _Tp=int
C:\Users\jglee\source\repos\CV_HOG\HOG\main.cpp(104,17): warning C4244:         ]
C:\Users\jglee\source\repos\CV_HOG\HOG\main.cpp(103,16): warning C4244: '인수': 'double'에서 '_Tp'(으)로 변환하면서 데이터가 손실될 수 있습니다.
C:\Users\jglee\source\repos\CV_HOG\HOG\main.cpp(103,16): warning C4244:         with
C:\Users\jglee\source\repos\CV_HOG\HOG\main.cpp(103,16): warning C4244:         [
C:\Users\jglee\source\repos\CV_HOG\HOG\main.cpp(103,16): warning C4244:             _Tp=int
C:\Users\jglee\source\repos\CV_HOG\HOG\main.cpp(103,16): warning C4244:         ]
C:\Users\jglee\source\repos\CV_HOG\HOG\main.cpp(102,12): warning C4244: '인수': 'double'에서 '_Tp'(으)로 변환하면서 데이터가 손실될 수 있습니다.
C:\Users\jglee\source\repos\CV_HOG\HOG\main.cpp(102,12): warning C4244:         with
C:\Users\jglee\source\repos\CV_HOG\HOG\main.cpp(102,12): warning C4244:         [
C:\Users\jglee\source\repos\CV_HOG\HOG\main.cpp(102,12): warning C4244:             _Tp=int
C:\Users\jglee\source\repos\CV_HOG\HOG\main.cpp(102,12): warning C4244:         ]
C:\Users\jglee\source\repos\CV_HOG\HOG\main.cpp(101,27): warning C4244: '인수': 'double'에서 '_Tp'(으)로 변환하면서 데이터가 손실될 수 있습니다.
C:\Users\jglee\source\repos\CV_HOG\HOG\main.cpp(101,27): warning C4244:         with
C:\Users\jglee\source\repos\CV_HOG\HOG\main.cpp(101,27): warning C4244:         [
C:\Users\jglee\source\repos\CV_HOG\HOG\main.cpp(101,27): warning C4244:             _Tp=int
C:\Users\jglee\source\repos\CV_HOG\HOG\main.cpp(101,27): warning C4244:         ]
C:\Users\jglee\source\repos\CV_HOG\HOG\main.cpp(226,47): warning C4267: '인수': 'size_t'에서 'int'(으)로 변환하면서 데이터가 손실될 수 있습니다.
  HOG.vcxproj -> C:\Users\jglee\source\repos\CV_HOG\HOG\x64\Debug\HOG.exe
